<?xml version="1.0" encoding="UTF-8"?>
<testsuite xmlns:xsi="http://www.w3.org/2001/XMLSchema-instance" xsi:noNamespaceSchemaLocation="https://maven.apache.org/surefire/maven-surefire-plugin/xsd/surefire-test-report-3.0.xsd" version="3.0" name="com.assesment.test.TestApplicationTests" time="2.364" tests="5" errors="0" skipped="0" failures="0">
  <properties>
[...]
</properties>
  <testcase name="testCalculateNetPayableAmount_BillDiscount" classname="com.assesment.test.TestApplicationTests" time="0.029">
    <system-out><![CDATA[18:18:40.972 [main] INFO org.springframework.test.context.support.AnnotationConfigContextLoaderUtils -- Could not detect default configuration classes for test class [com.assesment.test.TestApplicationTests]: TestApplicationTests does not declare any static, non-private, non-final, nested classes annotated with @Configuration.
18:18:41.086 [main] INFO org.springframework.boot.test.context.SpringBootTestContextBootstrapper -- Found @SpringBootConfiguration com.assesment.test.TestApplication for test class com.assesment.test.TestApplicationTests

  .   ____          _            __ _ _
 /\\ / ___'_ __ _ _(_)_ __  __ _ \ \ \ \
( ( )\___ | '_ | '_| | '_ \/ _` | \ \ \ \
 \\/  ___)| |_)| | | | | || (_| |  ) ) ) )
  '  |____| .__|_| |_|_| |_\__, | / / / /
 =========|_|==============|___/=/_/_/_/

 :: Spring Boot ::                (v3.3.1)

2024-07-16T18:18:42.587+05:30  INFO 11420 --- [test] [           main] c.assesment.test.TestApplicationTests    : Starting TestApplicationTests using Java 21.0.2 with PID 11420 (started by ankitapatil in C:\Users\ankitapatil\git\ankita-patil-test)
2024-07-16T18:18:42.589+05:30  INFO 11420 --- [test] [           main] c.assesment.test.TestApplicationTests    : No active profile set, falling back to 1 default profile: "default"
2024-07-16T18:18:43.086+05:30  INFO 11420 --- [test] [           main] c.assesment.test.TestApplicationTests    : Started TestApplicationTests in 0.822 seconds (process running for 3.198)
2024-07-16T18:18:43.110+05:30  INFO 11420 --- [test] [           main] c.a.t.service.DiscountCalculatorService  : Calculating net payable amount for user com.assesment.test.dto.User@4ef2ab73 
2024-07-16T18:18:43.111+05:30  INFO 11420 --- [test] [           main] c.a.t.service.DiscountCalculatorService  : Total net payable amount afetr discount 945.45 
]]></system-out>
    <system-err><![CDATA[WARNING: A Java agent has been loaded dynamically (C:\Users\ankitapatil\.m2\repository\net\bytebuddy\byte-buddy-agent\1.14.17\byte-buddy-agent-1.14.17.jar)
WARNING: If a serviceability tool is in use, please run with -XX:+EnableDynamicAgentLoading to hide this warning
WARNING: If a serviceability tool is not in use, please run with -Djdk.instrument.traceUsage for more information
WARNING: Dynamic loading of agents will be disallowed by default in a future release
]]></system-err>
  </testcase>
  <testcase name="testCalculateNetPayableAmount_Affiliate" classname="com.assesment.test.TestApplicationTests" time="0.006">
    <system-out><![CDATA[2024-07-16T18:18:43.127+05:30  INFO 11420 --- [test] [           main] c.a.t.service.DiscountCalculatorService  : Calculating net payable amount for user com.assesment.test.dto.User@22d9ca63 
2024-07-16T18:18:43.127+05:30  INFO 11420 --- [test] [           main] c.a.t.service.DiscountCalculatorService  : applying 10% dicount 
2024-07-16T18:18:43.127+05:30  INFO 11420 --- [test] [           main] c.a.t.service.DiscountCalculatorService  : Total net payable amount afetr discount 855.0 
]]></system-out>
  </testcase>
  <testcase name="testCalculateNetPayableAmount_Loyal" classname="com.assesment.test.TestApplicationTests" time="0.005">
    <system-out><![CDATA[2024-07-16T18:18:43.136+05:30  INFO 11420 --- [test] [           main] c.a.t.service.DiscountCalculatorService  : Calculating net payable amount for user com.assesment.test.dto.User@484149eb 
2024-07-16T18:18:43.137+05:30  INFO 11420 --- [test] [           main] c.a.t.service.DiscountCalculatorService  : applying 5% dicount 
2024-07-16T18:18:43.137+05:30  INFO 11420 --- [test] [           main] c.a.t.service.DiscountCalculatorService  : Total net payable amount afetr discount 905.0 
]]></system-out>
  </testcase>
  <testcase name="contextLoads" classname="com.assesment.test.TestApplicationTests" time="0.002"/>
  <testcase name="testCalculateNetPayableAmount_Employee" classname="com.assesment.test.TestApplicationTests" time="0.002">
    <system-out><![CDATA[2024-07-16T18:18:43.147+05:30  INFO 11420 --- [test] [           main] c.a.t.service.DiscountCalculatorService  : Calculating net payable amount for user com.assesment.test.dto.User@14c141c0 
2024-07-16T18:18:43.147+05:30  INFO 11420 --- [test] [           main] c.a.t.service.DiscountCalculatorService  : applying 30% dicount 
2024-07-16T18:18:43.147+05:30  INFO 11420 --- [test] [           main] c.a.t.service.DiscountCalculatorService  : Total net payable amount afetr discount 655.0 
]]></system-out>
  </testcase>
</testsuite>